已經開始建置於 2014/12/4 下午 10:53:36。
     1>節點 2 (Build 目標) 上的專案 "C:\Users\oil\Documents\GitHub\QTProject\QTProject\QTProject\QTProject.vcxproj"。
     1>ClCompile:
         C:\Program Files\Microsoft Visual Studio 12.0\VC\bin\CL.exe /c /I.\GeneratedFiles /I. /IC:\Qt\Qt5.3.2\5.3\msvc2013\include /I.\GeneratedFiles\Debug /IC:\Qt\Qt5.3.2\5.3\msvc2013\include\QtCore /IC:\Qt\Qt5.3.2\5.3\msvc2013\include\QtGui /IC:\Qt\Qt5.3.2\5.3\msvc2013\include\QtWidgets /Zi /nologo /W1 /WX- /Od /Oy- /D UNICODE /D WIN32 /D WIN64 /D QT_DLL /D QT_CORE_LIB /D QT_GUI_LIB /D QT_WIDGETS_LIB /Gm- /EHsc /MDd /GS /fp:precise /Zc:wchar_t /Zc:forScope /Fo"Debug\\" /Fd"Debug\vc120.pdb" /Gd /TP /analyze- /errorReport:prompt GUIView.cpp
         GUIView.cpp
       Link:
         C:\Program Files\Microsoft Visual Studio 12.0\VC\bin\link.exe /ERRORREPORT:PROMPT /OUT:"C:\Users\oil\Documents\GitHub\QTProject\QTProject\Win32\Debug\\QTProject.exe" /NOLOGO /LIBPATH:C:\Qt\Qt5.3.2\5.3\msvc2013\lib qtmaind.lib Qt5Cored.lib Qt5Guid.lib Qt5Widgetsd.lib kernel32.lib user32.lib gdi32.lib winspool.lib comdlg32.lib advapi32.lib shell32.lib ole32.lib oleaut32.lib uuid.lib odbc32.lib odbccp32.lib /MANIFEST /MANIFESTUAC:"level='asInvoker' uiAccess='false'" /manifest:embed /DEBUG /PDB:"C:\Users\oil\Documents\GitHub\QTProject\QTProject\Win32\Debug\QTProject.pdb" /SUBSYSTEM:CONSOLE /TLBID:1 /DYNAMICBASE /NXCOMPAT /IMPLIB:"C:\Users\oil\Documents\GitHub\QTProject\QTProject\Win32\Debug\QTProject.lib" /MACHINE:X86 /SAFESEH Debug\ChangeParentCommand.obj
         Debug\Command.obj
         Debug\CommandManager.obj
         Debug\Component.obj
         Debug\ComponentFactory.obj
         Debug\Composite.obj
         Debug\DeleteComponentCommand.obj
         Debug\EditComponentCommand.obj
         Debug\moc_GUIPresentationModel.obj
         Debug\moc_GUIView.obj
         Debug\moc_qtproject.obj
         Debug\qrc_qtproject.obj
         Debug\GUIPresentationModel.obj
         Debug\GUIView.obj
         Debug\InsertAChildNodeCmd.obj
         Debug\InsertAParentNodeCmd.obj
         Debug\InsertASiblingNodeCmd.obj
         Debug\main.obj
         Debug\MindMapModel.obj
         Debug\Node.obj
         Debug\NodeOperation.obj
         Debug\PainterWidgt.obj
         Debug\PresentationModel.obj
         Debug\qtproject.obj
         Debug\Root.obj
         Debug\TextView.obj
         QTProject.vcxproj -> C:\Users\oil\Documents\GitHub\QTProject\QTProject\Win32\Debug\QTProject.exe
     1>專案 "C:\Users\oil\Documents\GitHub\QTProject\QTProject\QTProject\QTProject.vcxproj" (Build 目標) 建置完成。

建置成功。

經過時間 00:00:02.06
