c:\users\oil\documents\visual studio 2013\projects\qtproject\qtproject\x64\debug\vc120.pdb
c:\users\oil\documents\visual studio 2013\projects\qtproject\qtproject\x64\debug\nodeoperation.obj
c:\users\oil\documents\visual studio 2013\projects\qtproject\qtproject\x64\debug\node.obj
c:\users\oil\documents\visual studio 2013\projects\qtproject\qtproject\x64\debug\mindmapmodel.obj
c:\users\oil\documents\visual studio 2013\projects\qtproject\qtproject\x64\debug\main.obj
c:\users\oil\documents\visual studio 2013\projects\qtproject\qtproject\x64\debug\insertasiblingnodecmd.obj
c:\users\oil\documents\visual studio 2013\projects\qtproject\qtproject\x64\debug\insertaparentnodecmd.obj
c:\users\oil\documents\visual studio 2013\projects\qtproject\qtproject\x64\debug\insertachildnodecmd.obj
c:\users\oil\documents\visual studio 2013\projects\qtproject\qtproject\x64\debug\guiview.obj
c:\users\oil\documents\visual studio 2013\projects\qtproject\qtproject\x64\debug\guipresentationmodel.obj
c:\users\oil\documents\visual studio 2013\projects\qtproject\qtproject\x64\debug\moc_qtproject.obj
c:\users\oil\documents\visual studio 2013\projects\qtproject\qtproject\x64\debug\moc_guiview.obj
c:\users\oil\documents\visual studio 2013\projects\qtproject\qtproject\x64\debug\moc_guipresentationmodel.obj
c:\users\oil\documents\visual studio 2013\projects\qtproject\qtproject\x64\debug\editcomponentcommand.obj
c:\users\oil\documents\visual studio 2013\projects\qtproject\qtproject\x64\debug\deletecomponentcommand.obj
c:\users\oil\documents\visual studio 2013\projects\qtproject\qtproject\x64\debug\composite.obj
c:\users\oil\documents\visual studio 2013\projects\qtproject\qtproject\x64\debug\componentfactory.obj
c:\users\oil\documents\visual studio 2013\projects\qtproject\qtproject\x64\debug\component.obj
c:\users\oil\documents\visual studio 2013\projects\qtproject\qtproject\x64\debug\commandmanager.obj
c:\users\oil\documents\visual studio 2013\projects\qtproject\qtproject\x64\debug\command.obj
c:\users\oil\documents\visual studio 2013\projects\qtproject\qtproject\x64\debug\changeparentcommand.obj
c:\users\oil\documents\visual studio 2013\projects\qtproject\qtproject\x64\debug\textview.obj
c:\users\oil\documents\visual studio 2013\projects\qtproject\qtproject\x64\debug\root.obj
c:\users\oil\documents\visual studio 2013\projects\qtproject\qtproject\x64\debug\qtproject.obj
c:\users\oil\documents\visual studio 2013\projects\qtproject\qtproject\x64\debug\presentationmodel.obj
c:\users\oil\documents\visual studio 2013\projects\qtproject\qtproject\x64\debug\painterwidgt.obj
c:\users\oil\documents\visual studio 2013\projects\qtproject\qtproject\x64\debug\qrc_qtproject.obj
c:\users\oil\documents\visual studio 2013\projects\qtproject\qtproject\x64\debug\myitem.obj
c:\users\oil\documents\github\qtproject\qtproject\qtproject\x64\debug\vc120.pdb
c:\users\oil\documents\github\qtproject\qtproject\qtproject\x64\debug\nodeoperation.obj
c:\users\oil\documents\github\qtproject\qtproject\qtproject\x64\debug\node.obj
c:\users\oil\documents\github\qtproject\qtproject\qtproject\x64\debug\mindmapmodel.obj
c:\users\oil\documents\github\qtproject\qtproject\qtproject\x64\debug\main.obj
c:\users\oil\documents\github\qtproject\qtproject\qtproject\x64\debug\insertasiblingnodecmd.obj
c:\users\oil\documents\github\qtproject\qtproject\qtproject\x64\debug\insertaparentnodecmd.obj
c:\users\oil\documents\github\qtproject\qtproject\qtproject\x64\debug\insertachildnodecmd.obj
c:\users\oil\documents\github\qtproject\qtproject\qtproject\x64\debug\guiview.obj
c:\users\oil\documents\github\qtproject\qtproject\qtproject\x64\debug\guipresentationmodel.obj
c:\users\oil\documents\github\qtproject\qtproject\qtproject\x64\debug\moc_qtproject.obj
c:\users\oil\documents\github\qtproject\qtproject\qtproject\x64\debug\moc_guiview.obj
c:\users\oil\documents\github\qtproject\qtproject\qtproject\x64\debug\moc_guipresentationmodel.obj
c:\users\oil\documents\github\qtproject\qtproject\qtproject\x64\debug\editcomponentcommand.obj
c:\users\oil\documents\github\qtproject\qtproject\qtproject\x64\debug\deletecomponentcommand.obj
c:\users\oil\documents\github\qtproject\qtproject\qtproject\x64\debug\composite.obj
c:\users\oil\documents\github\qtproject\qtproject\qtproject\x64\debug\componentfactory.obj
c:\users\oil\documents\github\qtproject\qtproject\qtproject\x64\debug\component.obj
c:\users\oil\documents\github\qtproject\qtproject\qtproject\x64\debug\commandmanager.obj
c:\users\oil\documents\github\qtproject\qtproject\qtproject\x64\debug\command.obj
c:\users\oil\documents\github\qtproject\qtproject\qtproject\x64\debug\changeparentcommand.obj
c:\users\oil\documents\github\qtproject\qtproject\qtproject\x64\debug\textview.obj
c:\users\oil\documents\github\qtproject\qtproject\qtproject\x64\debug\root.obj
c:\users\oil\documents\github\qtproject\qtproject\qtproject\x64\debug\qtproject.obj
c:\users\oil\documents\github\qtproject\qtproject\qtproject\x64\debug\presentationmodel.obj
c:\users\oil\documents\github\qtproject\qtproject\qtproject\x64\debug\painterwidgt.obj
c:\users\oil\documents\github\qtproject\qtproject\qtproject\x64\debug\qrc_qtproject.obj
c:\users\oil\documents\visual studio 2013\projects\qtproject\qtproject\generatedfiles\debug\moc_qtproject.cpp
c:\users\oil\documents\visual studio 2013\projects\qtproject\qtproject\generatedfiles\ui_qtproject.h
c:\users\oil\documents\visual studio 2013\projects\qtproject\qtproject\generatedfiles\qrc_qtproject.cpp
c:\users\oil\documents\visual studio 2013\projects\qtproject\qtproject\generatedfiles\debug\moc_guipresentationmodel.cpp
c:\users\oil\documents\visual studio 2013\projects\qtproject\qtproject\generatedfiles\debug\moc_guiview.cpp
c:\users\oil\documents\github\qtproject\qtproject\qtproject\generatedfiles\debug\moc_qtproject.cpp
c:\users\oil\documents\github\qtproject\qtproject\qtproject\generatedfiles\ui_qtproject.h
c:\users\oil\documents\github\qtproject\qtproject\qtproject\generatedfiles\qrc_qtproject.cpp
c:\users\oil\documents\github\qtproject\qtproject\qtproject\generatedfiles\debug\moc_guiview.cpp
c:\users\oil\documents\github\qtproject\qtproject\qtproject\generatedfiles\debug\moc_guipresentationmodel.cpp
c:\users\oil\documents\visual studio 2013\projects\qtproject\x64\debug\qtproject.ilk
c:\users\oil\documents\visual studio 2013\projects\qtproject\x64\debug\qtproject.exe
c:\users\oil\documents\visual studio 2013\projects\qtproject\x64\debug\qtproject.pdb
c:\users\oil\documents\github\qtproject\qtproject\x64\debug\qtproject.ilk
c:\users\oil\documents\github\qtproject\qtproject\x64\debug\qtproject.exe
c:\users\oil\documents\github\qtproject\qtproject\x64\debug\qtproject.pdb
c:\users\oil\documents\github\qtproject\qtproject\qtproject\x64\debug\myitem.obj
c:\users\oil\documents\github\qtproject\qtproject\qtproject\x64\debug\qtproject.tlog\cl.command.1.tlog
c:\users\oil\documents\github\qtproject\qtproject\qtproject\x64\debug\qtproject.tlog\cl.read.1.tlog
c:\users\oil\documents\github\qtproject\qtproject\qtproject\x64\debug\qtproject.tlog\cl.write.1.tlog
c:\users\oil\documents\github\qtproject\qtproject\qtproject\x64\debug\qtproject.tlog\custombuild.command.1.tlog
c:\users\oil\documents\github\qtproject\qtproject\qtproject\x64\debug\qtproject.tlog\custombuild.read.1.tlog
c:\users\oil\documents\github\qtproject\qtproject\qtproject\x64\debug\qtproject.tlog\custombuild.write.1.tlog
c:\users\oil\documents\github\qtproject\qtproject\qtproject\x64\debug\qtproject.tlog\link.command.1.tlog
c:\users\oil\documents\github\qtproject\qtproject\qtproject\x64\debug\qtproject.tlog\link.read.1.tlog
c:\users\oil\documents\github\qtproject\qtproject\qtproject\x64\debug\qtproject.tlog\link.write.1.tlog
