已經開始建置於 2014/12/3 下午 03:46:05。
     1>節點 2 (Build 目標) 上的專案 "C:\Users\oil\Documents\Visual Studio 2013\Projects\QTProject\QTProject\QTProject.vcxproj"。
     1>ClCompile:
         C:\Program Files (x86)\Microsoft Visual Studio 12.0\VC\bin\x86_amd64\CL.exe /c /I.\GeneratedFiles /I. /IC:\Qt\Qt5.3.2\5.3\msvc2013_64\include /I.\GeneratedFiles\Debug /IC:\Qt\Qt5.3.2\5.3\msvc2013_64\include\QtCore /IC:\Qt\Qt5.3.2\5.3\msvc2013_64\include\QtGui /IC:\Qt\Qt5.3.2\5.3\msvc2013_64\include\QtWidgets /Zi /nologo /W1 /WX- /Od /D UNICODE /D WIN32 /D WIN64 /D QT_DLL /D QT_CORE_LIB /D QT_GUI_LIB /D QT_WIDGETS_LIB /Gm- /EHsc /MDd /GS /fp:precise /Zc:wchar_t /Zc:forScope /Fo"x64\Debug\\" /Fd"x64\Debug\vc120.pdb" /Gd /TP /errorReport:prompt ChangeParentCommand.cpp Component.cpp ComponentFactory.cpp Composite.cpp DeleteComponentCommand.cpp EditComponentCommand.cpp GUIPresentationModel.cpp GUIView.cpp GeneratedFiles\Debug\moc_GUIPresentationModel.cpp GeneratedFiles\Debug\moc_GUIView.cpp InsertAChildNodeCmd.cpp InsertAParentNodeCmd.cpp InsertASiblingNodeCmd.cpp MindMapModel.cpp Node.cpp NodeOperation.cpp PainterWidgt.cpp PresentationModel.cpp Root.cpp TextView.cpp main.cpp
         ChangeParentCommand.cpp
         Component.cpp
         ComponentFactory.cpp
         Composite.cpp
         DeleteComponentCommand.cpp
         EditComponentCommand.cpp
         GUIPresentationModel.cpp
         GUIView.cpp
         moc_GUIPresentationModel.cpp
         moc_GUIView.cpp
         InsertAChildNodeCmd.cpp
         InsertAParentNodeCmd.cpp
         InsertASiblingNodeCmd.cpp
         MindMapModel.cpp
         Node.cpp
         NodeOperation.cpp
         PainterWidgt.cpp
         PresentationModel.cpp
         Root.cpp
         TextView.cpp
         正在產生程式碼...
     1>c:\users\oil\documents\visual studio 2013\projects\qtproject\qtproject\mindmapmodel.cpp(145): warning C4715: 'MindMapModel::findTargetNode' : 不是所有控制路徑都傳回值
     1>c:\users\oil\documents\visual studio 2013\projects\qtproject\qtproject\mindmapmodel.cpp(366): warning C4715: 'MindMapModel::getNodeInList' : 不是所有控制路徑都傳回值
     1>c:\users\oil\documents\visual studio 2013\projects\qtproject\qtproject\guipresentationmodel.cpp(58): warning C4700: 使用了未初始化的區域變數 'isOK'
         正在編譯...
         main.cpp
         正在產生程式碼...
       Link:
         C:\Program Files (x86)\Microsoft Visual Studio 12.0\VC\bin\x86_amd64\link.exe /ERRORREPORT:PROMPT /OUT:"C:\Users\oil\Documents\Visual Studio 2013\Projects\QTProject\x64\Debug\\QTProject.exe" /NOLOGO /LIBPATH:C:\Qt\Qt5.3.2\5.3\msvc2013_64\lib qtmaind.lib Qt5Cored.lib Qt5Guid.lib Qt5Widgetsd.lib kernel32.lib user32.lib gdi32.lib winspool.lib comdlg32.lib advapi32.lib shell32.lib ole32.lib oleaut32.lib uuid.lib odbc32.lib odbccp32.lib /MANIFEST /MANIFESTUAC:"level='asInvoker' uiAccess='false'" /manifest:embed /DEBUG /PDB:"C:\Users\oil\Documents\Visual Studio 2013\Projects\QTProject\x64\Debug\QTProject.pdb" /SUBSYSTEM:CONSOLE /TLBID:1 /DYNAMICBASE /NXCOMPAT /IMPLIB:"C:\Users\oil\Documents\Visual Studio 2013\Projects\QTProject\x64\Debug\QTProject.lib" /MACHINE:X64 x64\Debug\ChangeParentCommand.obj
         x64\Debug\Command.obj
         x64\Debug\CommandManager.obj
         x64\Debug\Component.obj
         x64\Debug\ComponentFactory.obj
         x64\Debug\Composite.obj
         x64\Debug\DeleteComponentCommand.obj
         x64\Debug\EditComponentCommand.obj
         x64\Debug\moc_GUIPresentationModel.obj
         x64\Debug\moc_GUIView.obj
         x64\Debug\moc_qtproject.obj
         x64\Debug\qrc_qtproject.obj
         x64\Debug\GUIPresentationModel.obj
         x64\Debug\GUIView.obj
         x64\Debug\InsertAChildNodeCmd.obj
         x64\Debug\InsertAParentNodeCmd.obj
         x64\Debug\InsertASiblingNodeCmd.obj
         x64\Debug\main.obj
         x64\Debug\MindMapModel.obj
         x64\Debug\MyItem.obj
         x64\Debug\Node.obj
         x64\Debug\NodeOperation.obj
         x64\Debug\PainterWidgt.obj
         x64\Debug\PresentationModel.obj
         x64\Debug\qtproject.obj
         x64\Debug\Root.obj
         x64\Debug\TextView.obj
         QTProject.vcxproj -> C:\Users\oil\Documents\Visual Studio 2013\Projects\QTProject\x64\Debug\QTProject.exe
     1>專案 "C:\Users\oil\Documents\Visual Studio 2013\Projects\QTProject\QTProject\QTProject.vcxproj" (Build 目標) 建置完成。

建置成功。

經過時間 00:00:07.89
